mode: set
github.com/helldriver666/prism/internal/vault/crypto.go:26.53,27.25 1 1
github.com/helldriver666/prism/internal/vault/crypto.go:27.25,29.3 1 0
github.com/helldriver666/prism/internal/vault/crypto.go:31.2,32.16 2 1
github.com/helldriver666/prism/internal/vault/crypto.go:32.16,34.3 1 0
github.com/helldriver666/prism/internal/vault/crypto.go:36.2,37.16 2 1
github.com/helldriver666/prism/internal/vault/crypto.go:37.16,39.3 1 0
github.com/helldriver666/prism/internal/vault/crypto.go:41.2,42.59 2 1
github.com/helldriver666/prism/internal/vault/crypto.go:42.59,44.3 1 0
github.com/helldriver666/prism/internal/vault/crypto.go:46.2,47.24 2 1
github.com/helldriver666/prism/internal/vault/crypto.go:52.48,53.25 1 1
github.com/helldriver666/prism/internal/vault/crypto.go:53.25,55.3 1 0
github.com/helldriver666/prism/internal/vault/crypto.go:57.2,57.27 1 1
github.com/helldriver666/prism/internal/vault/crypto.go:57.27,59.3 1 0
github.com/helldriver666/prism/internal/vault/crypto.go:61.2,62.16 2 1
github.com/helldriver666/prism/internal/vault/crypto.go:62.16,64.3 1 0
github.com/helldriver666/prism/internal/vault/crypto.go:66.2,67.16 2 1
github.com/helldriver666/prism/internal/vault/crypto.go:67.16,69.3 1 0
github.com/helldriver666/prism/internal/vault/crypto.go:71.2,75.16 4 1
github.com/helldriver666/prism/internal/vault/crypto.go:75.16,77.3 1 1
github.com/helldriver666/prism/internal/vault/crypto.go:79.2,79.23 1 1
github.com/helldriver666/prism/internal/vault/crypto.go:88.30,89.19 1 1
github.com/helldriver666/prism/internal/vault/crypto.go:89.19,91.3 1 1
github.com/helldriver666/prism/internal/vault/crypto.go:92.2,92.22 1 1
github.com/helldriver666/prism/internal/vault/impl.go:33.37,35.16 2 1
github.com/helldriver666/prism/internal/vault/impl.go:35.16,37.3 1 0
github.com/helldriver666/prism/internal/vault/impl.go:40.2,41.16 2 1
github.com/helldriver666/prism/internal/vault/impl.go:41.16,44.3 2 0
github.com/helldriver666/prism/internal/vault/impl.go:46.2,47.11 2 1
github.com/helldriver666/prism/internal/vault/impl.go:47.11,49.17 2 1
github.com/helldriver666/prism/internal/vault/impl.go:49.17,52.4 2 0
github.com/helldriver666/prism/internal/vault/impl.go:53.3,53.45 1 1
github.com/helldriver666/prism/internal/vault/impl.go:53.45,56.4 2 0
github.com/helldriver666/prism/internal/vault/impl.go:60.2,73.12 7 1
github.com/helldriver666/prism/internal/vault/impl.go:73.12,74.55 1 1
github.com/helldriver666/prism/internal/vault/impl.go:74.55,79.4 4 1
github.com/helldriver666/prism/internal/vault/impl.go:80.8,82.64 1 1
github.com/helldriver666/prism/internal/vault/impl.go:82.64,87.4 4 0
github.com/helldriver666/prism/internal/vault/impl.go:90.2,94.8 1 1
github.com/helldriver666/prism/internal/vault/impl.go:98.58,101.16 3 1
github.com/helldriver666/prism/internal/vault/impl.go:101.16,103.3 1 0
github.com/helldriver666/prism/internal/vault/impl.go:104.2,105.16 2 1
github.com/helldriver666/prism/internal/vault/impl.go:105.16,107.3 1 1
github.com/helldriver666/prism/internal/vault/impl.go:108.2,108.12 1 1
github.com/helldriver666/prism/internal/vault/impl.go:112.67,116.16 3 1
github.com/helldriver666/prism/internal/vault/impl.go:116.16,118.3 1 0
github.com/helldriver666/prism/internal/vault/impl.go:119.2,121.12 2 1
github.com/helldriver666/prism/internal/vault/impl.go:127.126,131.14 3 1
github.com/helldriver666/prism/internal/vault/impl.go:131.14,133.3 1 1
github.com/helldriver666/prism/internal/vault/impl.go:136.2,136.61 1 1
github.com/helldriver666/prism/internal/vault/impl.go:136.61,138.3 1 1
github.com/helldriver666/prism/internal/vault/impl.go:141.2,142.16 2 1
github.com/helldriver666/prism/internal/vault/impl.go:142.16,144.3 1 0
github.com/helldriver666/prism/internal/vault/impl.go:147.2,160.12 7 1
github.com/helldriver666/prism/internal/vault/impl.go:164.109,168.14 3 1
github.com/helldriver666/prism/internal/vault/impl.go:168.14,170.3 1 1
github.com/helldriver666/prism/internal/vault/impl.go:172.2,176.16 4 1
github.com/helldriver666/prism/internal/vault/impl.go:176.16,178.3 1 0
github.com/helldriver666/prism/internal/vault/impl.go:180.2,181.90 2 1
github.com/helldriver666/prism/internal/vault/impl.go:185.92,189.14 3 1
github.com/helldriver666/prism/internal/vault/impl.go:189.14,191.3 1 1
github.com/helldriver666/prism/internal/vault/impl.go:193.2,194.34 2 1
github.com/helldriver666/prism/internal/vault/impl.go:194.34,196.3 1 1
github.com/helldriver666/prism/internal/vault/impl.go:198.2,202.16 4 1
github.com/helldriver666/prism/internal/vault/impl.go:202.16,204.3 1 0
github.com/helldriver666/prism/internal/vault/impl.go:206.2,206.69 1 1
github.com/helldriver666/prism/internal/vault/impl.go:210.71,214.14 3 1
github.com/helldriver666/prism/internal/vault/impl.go:214.14,216.3 1 1
github.com/helldriver666/prism/internal/vault/impl.go:218.2,218.51 1 1
github.com/helldriver666/prism/internal/vault/impl.go:222.35,226.14 3 1
github.com/helldriver666/prism/internal/vault/impl.go:226.14,228.3 1 1
github.com/helldriver666/prism/internal/vault/impl.go:229.2,239.24 6 1
github.com/helldriver666/prism/internal/vault/impl.go:245.86,247.16 2 1
github.com/helldriver666/prism/internal/vault/impl.go:247.16,249.3 1 1
github.com/helldriver666/prism/internal/vault/impl.go:251.2,251.28 1 1
github.com/helldriver666/prism/internal/vault/impl.go:251.28,253.3 1 1
github.com/helldriver666/prism/internal/vault/impl.go:255.2,255.56 1 1
github.com/helldriver666/prism/internal/vault/impl.go:255.56,256.40 1 1
github.com/helldriver666/prism/internal/vault/impl.go:256.40,258.4 1 1
github.com/helldriver666/prism/internal/vault/impl.go:261.2,261.24 1 1
github.com/helldriver666/prism/internal/vault/impl.go:266.82,268.16 2 1
github.com/helldriver666/prism/internal/vault/impl.go:268.16,270.3 1 0
github.com/helldriver666/prism/internal/vault/impl.go:272.2,273.16 2 1
github.com/helldriver666/prism/internal/vault/impl.go:273.16,275.3 1 0
github.com/helldriver666/prism/internal/vault/impl.go:277.2,277.23 1 1
github.com/helldriver666/prism/internal/vault/impl.go:287.79,289.2 1 1
github.com/helldriver666/prism/internal/vault/impl.go:293.66,296.2 2 1
github.com/helldriver666/prism/internal/vault/impl.go:299.49,301.40 2 0
github.com/helldriver666/prism/internal/vault/impl.go:301.40,303.3 1 0
github.com/helldriver666/prism/internal/vault/impl.go:304.2,304.15 1 0
github.com/helldriver666/prism/internal/vault/kdf.go:22.46,24.2 1 1
github.com/helldriver666/prism/internal/vault/kdf.go:27.37,29.58 2 1
github.com/helldriver666/prism/internal/vault/kdf.go:29.58,31.3 1 0
github.com/helldriver666/prism/internal/vault/kdf.go:32.2,32.18 1 1
github.com/helldriver666/prism/internal/vault/mlock.go:12.35,14.35 2 1
github.com/helldriver666/prism/internal/vault/mlock.go:14.35,16.3 1 0
github.com/helldriver666/prism/internal/vault/mlock.go:17.2,17.12 1 1
github.com/helldriver666/prism/internal/vault/mlock.go:21.32,24.2 2 1
github.com/helldriver666/prism/internal/vault/mlock_windows.go:16.28,17.17 1 1
github.com/helldriver666/prism/internal/vault/mlock_windows.go:17.17,19.3 1 0
github.com/helldriver666/prism/internal/vault/mlock_windows.go:20.2,24.14 2 1
github.com/helldriver666/prism/internal/vault/mlock_windows.go:24.14,26.3 1 0
github.com/helldriver666/prism/internal/vault/mlock_windows.go:27.2,27.12 1 1
github.com/helldriver666/prism/internal/vault/mlock_windows.go:31.30,32.17 1 1
github.com/helldriver666/prism/internal/vault/mlock_windows.go:32.17,34.3 1 0
github.com/helldriver666/prism/internal/vault/mlock_windows.go:35.2,39.14 2 1
github.com/helldriver666/prism/internal/vault/mlock_windows.go:39.14,41.3 1 0
github.com/helldriver666/prism/internal/vault/mlock_windows.go:42.2,42.12 1 1
github.com/helldriver666/prism/internal/vault/storage.go:41.51,43.47 2 1
github.com/helldriver666/prism/internal/vault/storage.go:43.47,45.3 1 0
github.com/helldriver666/prism/internal/vault/storage.go:47.2,48.16 2 1
github.com/helldriver666/prism/internal/vault/storage.go:48.16,50.3 1 0
github.com/helldriver666/prism/internal/vault/storage.go:53.2,53.62 1 1
github.com/helldriver666/prism/internal/vault/storage.go:53.62,56.3 2 0
github.com/helldriver666/prism/internal/vault/storage.go:58.2,58.43 1 1
github.com/helldriver666/prism/internal/vault/storage.go:58.43,61.3 2 0
github.com/helldriver666/prism/internal/vault/storage.go:63.2,63.30 1 1
github.com/helldriver666/prism/internal/vault/storage.go:67.33,69.2 1 1
github.com/helldriver666/prism/internal/vault/storage.go:73.45,76.26 3 1
github.com/helldriver666/prism/internal/vault/storage.go:76.26,78.3 1 1
github.com/helldriver666/prism/internal/vault/storage.go:79.2,79.16 1 1
github.com/helldriver666/prism/internal/vault/storage.go:79.16,81.3 1 0
github.com/helldriver666/prism/internal/vault/storage.go:82.2,82.19 1 1
github.com/helldriver666/prism/internal/vault/storage.go:85.46,88.16 2 1
github.com/helldriver666/prism/internal/vault/storage.go:88.16,90.3 1 0
github.com/helldriver666/prism/internal/vault/storage.go:91.2,91.12 1 1
github.com/helldriver666/prism/internal/vault/storage.go:96.104,100.16 2 1
github.com/helldriver666/prism/internal/vault/storage.go:100.16,102.3 1 0
github.com/helldriver666/prism/internal/vault/storage.go:103.2,103.12 1 1
github.com/helldriver666/prism/internal/vault/storage.go:106.99,110.26 2 1
github.com/helldriver666/prism/internal/vault/storage.go:110.26,112.3 1 1
github.com/helldriver666/prism/internal/vault/storage.go:113.2,113.16 1 1
github.com/helldriver666/prism/internal/vault/storage.go:113.16,115.3 1 0
github.com/helldriver666/prism/internal/vault/storage.go:116.2,116.43 1 1
github.com/helldriver666/prism/internal/vault/storage.go:119.86,123.16 2 1
github.com/helldriver666/prism/internal/vault/storage.go:123.16,125.3 1 0
github.com/helldriver666/prism/internal/vault/storage.go:126.2,127.16 2 1
github.com/helldriver666/prism/internal/vault/storage.go:127.16,129.3 1 0
github.com/helldriver666/prism/internal/vault/storage.go:130.2,130.15 1 1
github.com/helldriver666/prism/internal/vault/storage.go:130.15,132.3 1 0
github.com/helldriver666/prism/internal/vault/storage.go:133.2,133.12 1 1
github.com/helldriver666/prism/internal/vault/storage.go:136.51,138.16 2 1
github.com/helldriver666/prism/internal/vault/storage.go:138.16,140.3 1 0
github.com/helldriver666/prism/internal/vault/storage.go:141.2,142.16 2 1
github.com/helldriver666/prism/internal/vault/storage.go:142.16,144.3 1 0
github.com/helldriver666/prism/internal/vault/storage.go:145.2,145.15 1 1
github.com/helldriver666/prism/internal/vault/storage.go:145.15,147.3 1 1
github.com/helldriver666/prism/internal/vault/storage.go:148.2,148.12 1 1
github.com/helldriver666/prism/internal/vault/storage.go:151.50,155.2 3 1
github.com/helldriver666/prism/internal/vault/storage.go:159.114,163.16 2 1
github.com/helldriver666/prism/internal/vault/storage.go:163.16,165.3 1 0
github.com/helldriver666/prism/internal/vault/storage.go:166.2,166.12 1 1
github.com/helldriver666/prism/internal/vault/storage.go:177.72,183.26 3 1
github.com/helldriver666/prism/internal/vault/storage.go:183.26,185.3 1 1
github.com/helldriver666/prism/internal/vault/storage.go:186.2,186.16 1 1
github.com/helldriver666/prism/internal/vault/storage.go:186.16,188.3 1 0
github.com/helldriver666/prism/internal/vault/storage.go:189.2,189.17 1 1
github.com/helldriver666/prism/internal/vault/storage.go:192.59,194.16 2 1
github.com/helldriver666/prism/internal/vault/storage.go:194.16,196.3 1 0
github.com/helldriver666/prism/internal/vault/storage.go:197.2,198.16 2 1
github.com/helldriver666/prism/internal/vault/storage.go:198.16,200.3 1 0
github.com/helldriver666/prism/internal/vault/storage.go:201.2,201.15 1 1
github.com/helldriver666/prism/internal/vault/storage.go:201.15,203.3 1 0
github.com/helldriver666/prism/internal/vault/storage.go:204.2,204.12 1 1
github.com/helldriver666/prism/internal/vault/tokens.go:19.38,21.40 2 1
github.com/helldriver666/prism/internal/vault/tokens.go:21.40,23.3 1 0
github.com/helldriver666/prism/internal/vault/tokens.go:24.2,25.52 2 1
github.com/helldriver666/prism/internal/vault/tokens.go:30.46,34.2 3 1
github.com/helldriver666/prism/internal/vault/tokens.go:37.132,41.14 3 1
github.com/helldriver666/prism/internal/vault/tokens.go:41.14,43.3 1 1
github.com/helldriver666/prism/internal/vault/tokens.go:45.2,46.16 2 1
github.com/helldriver666/prism/internal/vault/tokens.go:46.16,48.3 1 0
github.com/helldriver666/prism/internal/vault/tokens.go:50.2,53.37 3 1
github.com/helldriver666/prism/internal/vault/tokens.go:53.37,55.3 1 1
github.com/helldriver666/prism/internal/vault/tokens.go:56.2,60.18 4 1
github.com/helldriver666/prism/internal/vault/tokens.go:60.18,62.3 1 1
github.com/helldriver666/prism/internal/vault/tokens.go:64.2,64.89 1 1
github.com/helldriver666/prism/internal/vault/tokens.go:64.89,66.3 1 0
github.com/helldriver666/prism/internal/vault/tokens.go:68.2,68.19 1 1
github.com/helldriver666/prism/internal/vault/tokens.go:72.65,76.14 3 1
github.com/helldriver666/prism/internal/vault/tokens.go:76.14,78.3 1 1
github.com/helldriver666/prism/internal/vault/tokens.go:81.2,85.16 3 1
github.com/helldriver666/prism/internal/vault/tokens.go:85.16,87.3 1 1
github.com/helldriver666/prism/internal/vault/tokens.go:90.2,90.66 1 1
github.com/helldriver666/prism/internal/vault/tokens.go:90.66,92.3 1 1
github.com/helldriver666/prism/internal/vault/tokens.go:95.2,95.62 1 1
github.com/helldriver666/prism/internal/vault/tokens.go:95.62,97.3 1 0
github.com/helldriver666/prism/internal/vault/tokens.go:99.2,99.30 1 1
github.com/helldriver666/prism/internal/vault/tokens.go:103.53,107.14 3 1
github.com/helldriver666/prism/internal/vault/tokens.go:107.14,109.3 1 1
github.com/helldriver666/prism/internal/vault/tokens.go:111.2,112.43 2 1
github.com/helldriver666/prism/internal/vault/transport.go:17.85,33.2 7 1
github.com/helldriver666/prism/internal/vault/transport.go:38.107,39.17 1 1
github.com/helldriver666/prism/internal/vault/transport.go:39.17,41.3 1 0
github.com/helldriver666/prism/internal/vault/transport.go:42.2,46.3 1 1
github.com/helldriver666/prism/internal/vault/transport.go:50.46,51.20 1 1
github.com/helldriver666/prism/internal/vault/transport.go:52.16,53.21 1 1
github.com/helldriver666/prism/internal/vault/transport.go:54.16,55.25 1 1
github.com/helldriver666/prism/internal/vault/transport.go:56.16,57.26 1 1
github.com/helldriver666/prism/internal/vault/transport.go:58.10,59.25 1 0
github.com/helldriver666/prism/internal/vault/transport.go:64.63,65.20 1 1
github.com/helldriver666/prism/internal/vault/transport.go:66.16,70.13 4 1
github.com/helldriver666/prism/internal/vault/transport.go:71.10,75.12 3 1
