mode: set
github.com/helldriver666/prism/internal/privacy/composite_detector.go:15.59,17.2 1 1
github.com/helldriver666/prism/internal/privacy/composite_detector.go:19.106,20.27 1 1
github.com/helldriver666/prism/internal/privacy/composite_detector.go:20.27,22.3 1 0
github.com/helldriver666/prism/internal/privacy/composite_detector.go:24.2,25.33 2 1
github.com/helldriver666/prism/internal/privacy/composite_detector.go:25.33,27.17 2 1
github.com/helldriver666/prism/internal/privacy/composite_detector.go:27.17,29.4 1 1
github.com/helldriver666/prism/internal/privacy/composite_detector.go:30.3,30.49 1 1
github.com/helldriver666/prism/internal/privacy/composite_detector.go:32.2,32.40 1 1
github.com/helldriver666/prism/internal/privacy/composite_detector.go:35.69,36.33 1 1
github.com/helldriver666/prism/internal/privacy/composite_detector.go:36.33,37.44 1 1
github.com/helldriver666/prism/internal/privacy/composite_detector.go:37.44,39.4 1 1
github.com/helldriver666/prism/internal/privacy/composite_detector.go:41.2,41.12 1 0
github.com/helldriver666/prism/internal/privacy/composite_detector.go:46.48,47.24 1 1
github.com/helldriver666/prism/internal/privacy/composite_detector.go:47.24,49.3 1 0
github.com/helldriver666/prism/internal/privacy/composite_detector.go:52.2,52.43 1 1
github.com/helldriver666/prism/internal/privacy/composite_detector.go:52.43,53.45 1 1
github.com/helldriver666/prism/internal/privacy/composite_detector.go:53.45,55.4 1 1
github.com/helldriver666/prism/internal/privacy/composite_detector.go:56.3,56.47 1 1
github.com/helldriver666/prism/internal/privacy/composite_detector.go:59.2,62.37 3 1
github.com/helldriver666/prism/internal/privacy/composite_detector.go:62.37,66.28 3 1
github.com/helldriver666/prism/internal/privacy/composite_detector.go:66.28,68.31 1 1
github.com/helldriver666/prism/internal/privacy/composite_detector.go:68.31,70.5 1 0
github.com/helldriver666/prism/internal/privacy/composite_detector.go:72.4,72.27 1 1
github.com/helldriver666/prism/internal/privacy/composite_detector.go:72.27,74.5 1 0
github.com/helldriver666/prism/internal/privacy/composite_detector.go:75.4,75.12 1 1
github.com/helldriver666/prism/internal/privacy/composite_detector.go:77.3,77.32 1 1
github.com/helldriver666/prism/internal/privacy/composite_detector.go:80.2,80.15 1 1
github.com/helldriver666/prism/internal/privacy/ollama_detector.go:22.56,28.2 1 1
github.com/helldriver666/prism/internal/privacy/ollama_detector.go:64.102,65.27 1 1
github.com/helldriver666/prism/internal/privacy/ollama_detector.go:65.27,67.3 1 1
github.com/helldriver666/prism/internal/privacy/ollama_detector.go:69.2,76.16 3 1
github.com/helldriver666/prism/internal/privacy/ollama_detector.go:76.16,78.3 1 0
github.com/helldriver666/prism/internal/privacy/ollama_detector.go:80.2,81.16 2 1
github.com/helldriver666/prism/internal/privacy/ollama_detector.go:81.16,83.3 1 0
github.com/helldriver666/prism/internal/privacy/ollama_detector.go:84.2,87.16 3 1
github.com/helldriver666/prism/internal/privacy/ollama_detector.go:87.16,89.3 1 1
github.com/helldriver666/prism/internal/privacy/ollama_detector.go:90.2,92.38 2 1
github.com/helldriver666/prism/internal/privacy/ollama_detector.go:92.38,95.3 2 1
github.com/helldriver666/prism/internal/privacy/ollama_detector.go:97.2,98.71 2 1
github.com/helldriver666/prism/internal/privacy/ollama_detector.go:98.71,100.3 1 0
github.com/helldriver666/prism/internal/privacy/ollama_detector.go:102.2,102.52 1 1
github.com/helldriver666/prism/internal/privacy/ollama_detector.go:105.65,107.16 2 1
github.com/helldriver666/prism/internal/privacy/ollama_detector.go:107.16,109.3 1 0
github.com/helldriver666/prism/internal/privacy/ollama_detector.go:110.2,111.16 2 1
github.com/helldriver666/prism/internal/privacy/ollama_detector.go:111.16,113.3 1 1
github.com/helldriver666/prism/internal/privacy/ollama_detector.go:114.2,115.38 2 1
github.com/helldriver666/prism/internal/privacy/ollama_detector.go:115.38,117.3 1 0
github.com/helldriver666/prism/internal/privacy/ollama_detector.go:118.2,118.12 1 1
github.com/helldriver666/prism/internal/privacy/ollama_detector.go:123.72,125.40 2 1
github.com/helldriver666/prism/internal/privacy/ollama_detector.go:125.40,127.3 1 1
github.com/helldriver666/prism/internal/privacy/ollama_detector.go:129.2,130.71 2 1
github.com/helldriver666/prism/internal/privacy/ollama_detector.go:130.71,133.3 1 1
github.com/helldriver666/prism/internal/privacy/ollama_detector.go:135.2,136.33 2 1
github.com/helldriver666/prism/internal/privacy/ollama_detector.go:136.33,137.21 1 1
github.com/helldriver666/prism/internal/privacy/ollama_detector.go:137.21,138.12 1 0
github.com/helldriver666/prism/internal/privacy/ollama_detector.go:141.3,143.59 3 1
github.com/helldriver666/prism/internal/privacy/ollama_detector.go:143.59,146.15 2 1
github.com/helldriver666/prism/internal/privacy/ollama_detector.go:146.15,147.13 1 0
github.com/helldriver666/prism/internal/privacy/ollama_detector.go:149.4,150.29 2 1
github.com/helldriver666/prism/internal/privacy/ollama_detector.go:153.3,153.70 1 1
github.com/helldriver666/prism/internal/privacy/ollama_detector.go:153.70,155.15 2 0
github.com/helldriver666/prism/internal/privacy/ollama_detector.go:155.15,156.13 1 0
github.com/helldriver666/prism/internal/privacy/ollama_detector.go:158.4,159.29 2 0
github.com/helldriver666/prism/internal/privacy/ollama_detector.go:161.3,167.5 1 1
github.com/helldriver666/prism/internal/privacy/ollama_detector.go:169.2,169.22 1 1
github.com/helldriver666/prism/internal/privacy/pipeline.go:18.46,20.2 1 1
github.com/helldriver666/prism/internal/privacy/pipeline.go:28.28,30.27 1 1
github.com/helldriver666/prism/internal/privacy/pipeline.go:30.27,32.3 1 1
github.com/helldriver666/prism/internal/privacy/pipeline.go:35.2,35.21 1 1
github.com/helldriver666/prism/internal/privacy/pipeline.go:35.21,37.3 1 1
github.com/helldriver666/prism/internal/privacy/pipeline.go:40.2,41.16 2 1
github.com/helldriver666/prism/internal/privacy/pipeline.go:41.16,43.3 1 1
github.com/helldriver666/prism/internal/privacy/pipeline.go:46.2,46.27 1 1
github.com/helldriver666/prism/internal/privacy/pipeline.go:46.27,48.3 1 1
github.com/helldriver666/prism/internal/privacy/pipeline.go:51.2,65.8 4 1
github.com/helldriver666/prism/internal/privacy/pipeline.go:76.26,80.29 3 1
github.com/helldriver666/prism/internal/privacy/pipeline.go:80.29,81.25 1 1
github.com/helldriver666/prism/internal/privacy/pipeline.go:81.25,82.12 1 0
github.com/helldriver666/prism/internal/privacy/pipeline.go:84.3,88.17 3 1
github.com/helldriver666/prism/internal/privacy/pipeline.go:88.17,90.4 1 1
github.com/helldriver666/prism/internal/privacy/pipeline.go:93.3,96.30 2 1
github.com/helldriver666/prism/internal/privacy/pipeline.go:96.30,97.70 1 1
github.com/helldriver666/prism/internal/privacy/pipeline.go:97.70,99.5 1 1
github.com/helldriver666/prism/internal/privacy/pipeline.go:103.2,104.25 2 1
github.com/helldriver666/prism/internal/privacy/pipeline.go:104.25,106.3 1 1
github.com/helldriver666/prism/internal/privacy/pipeline.go:107.2,107.34 1 1
github.com/helldriver666/prism/internal/privacy/pipeline.go:111.87,112.30 1 1
github.com/helldriver666/prism/internal/privacy/pipeline.go:112.30,114.17 2 1
github.com/helldriver666/prism/internal/privacy/pipeline.go:114.17,115.12 1 0
github.com/helldriver666/prism/internal/privacy/pipeline.go:117.3,118.28 2 1
github.com/helldriver666/prism/internal/privacy/pipeline.go:118.28,126.4 1 1
github.com/helldriver666/prism/internal/privacy/pipeline.go:128.2,128.17 1 1
github.com/helldriver666/prism/internal/privacy/pipeline.go:132.83,138.41 1 1
github.com/helldriver666/prism/internal/privacy/pipeline.go:138.41,138.53 1 0
github.com/helldriver666/prism/internal/privacy/pipeline.go:149.79,151.2 1 1
github.com/helldriver666/prism/internal/privacy/pipeline.go:154.74,157.2 2 1
github.com/helldriver666/prism/internal/privacy/pipeline.go:160.48,162.2 1 1
github.com/helldriver666/prism/internal/privacy/pipeline.go:170.72,171.16 1 1
github.com/helldriver666/prism/internal/privacy/pipeline.go:171.16,173.3 1 1
github.com/helldriver666/prism/internal/privacy/pipeline.go:174.2,174.33 1 1
github.com/helldriver666/prism/internal/privacy/pipeline.go:174.33,176.3 1 1
github.com/helldriver666/prism/internal/privacy/pipeline.go:177.2,177.107 1 1
github.com/helldriver666/prism/internal/privacy/presidio_detector.go:33.54,34.36 1 0
github.com/helldriver666/prism/internal/privacy/presidio_detector.go:34.36,34.58 1 0
github.com/helldriver666/prism/internal/privacy/presidio_detector.go:38.51,39.36 1 1
github.com/helldriver666/prism/internal/privacy/presidio_detector.go:39.36,39.54 1 1
github.com/helldriver666/prism/internal/privacy/presidio_detector.go:46.87,50.25 2 1
github.com/helldriver666/prism/internal/privacy/presidio_detector.go:50.25,52.3 1 1
github.com/helldriver666/prism/internal/privacy/presidio_detector.go:54.2,55.16 2 1
github.com/helldriver666/prism/internal/privacy/presidio_detector.go:55.16,57.3 1 1
github.com/helldriver666/prism/internal/privacy/presidio_detector.go:58.2,59.16 2 1
github.com/helldriver666/prism/internal/privacy/presidio_detector.go:62.54,64.25 1 1
github.com/helldriver666/prism/internal/privacy/presidio_detector.go:64.25,66.17 2 0
github.com/helldriver666/prism/internal/privacy/presidio_detector.go:66.17,68.4 1 0
github.com/helldriver666/prism/internal/privacy/presidio_detector.go:69.3,69.45 1 0
github.com/helldriver666/prism/internal/privacy/presidio_detector.go:74.2,74.19 1 1
github.com/helldriver666/prism/internal/privacy/presidio_detector.go:74.19,75.32 1 1
github.com/helldriver666/prism/internal/privacy/presidio_detector.go:75.32,77.4 1 1
github.com/helldriver666/prism/internal/privacy/presidio_detector.go:78.3,78.35 1 0
github.com/helldriver666/prism/internal/privacy/presidio_detector.go:82.2,82.31 1 0
github.com/helldriver666/prism/internal/privacy/presidio_detector.go:82.31,84.3 1 0
github.com/helldriver666/prism/internal/privacy/presidio_detector.go:85.2,85.45 1 0
github.com/helldriver666/prism/internal/privacy/presidio_detector.go:104.105,105.27 1 1
github.com/helldriver666/prism/internal/privacy/presidio_detector.go:105.27,107.3 1 1
github.com/helldriver666/prism/internal/privacy/presidio_detector.go:110.2,110.9 1 1
github.com/helldriver666/prism/internal/privacy/presidio_detector.go:111.34,112.16 1 1
github.com/helldriver666/prism/internal/privacy/presidio_detector.go:112.16,112.34 1 1
github.com/helldriver666/prism/internal/privacy/presidio_detector.go:113.20,114.24 1 1
github.com/helldriver666/prism/internal/privacy/presidio_detector.go:117.2,122.16 3 1
github.com/helldriver666/prism/internal/privacy/presidio_detector.go:122.16,124.3 1 0
github.com/helldriver666/prism/internal/privacy/presidio_detector.go:126.2,129.16 4 1
github.com/helldriver666/prism/internal/privacy/presidio_detector.go:129.16,131.3 1 0
github.com/helldriver666/prism/internal/privacy/presidio_detector.go:133.2,134.64 2 1
github.com/helldriver666/prism/internal/privacy/presidio_detector.go:134.64,136.3 1 0
github.com/helldriver666/prism/internal/privacy/presidio_detector.go:138.2,139.34 2 1
github.com/helldriver666/prism/internal/privacy/presidio_detector.go:139.34,147.3 1 1
github.com/helldriver666/prism/internal/privacy/presidio_detector.go:148.2,148.22 1 1
github.com/helldriver666/prism/internal/privacy/presidio_detector.go:154.68,158.49 3 1
github.com/helldriver666/prism/internal/privacy/presidio_detector.go:158.49,160.3 1 0
github.com/helldriver666/prism/internal/privacy/presidio_detector.go:161.2,161.47 1 1
github.com/helldriver666/prism/internal/privacy/presidio_detector.go:161.47,163.3 1 0
github.com/helldriver666/prism/internal/privacy/presidio_detector.go:166.2,166.56 1 1
github.com/helldriver666/prism/internal/privacy/presidio_detector.go:166.56,168.3 1 0
github.com/helldriver666/prism/internal/privacy/presidio_detector.go:169.2,170.34 2 1
github.com/helldriver666/prism/internal/privacy/presidio_detector.go:170.34,172.3 1 0
github.com/helldriver666/prism/internal/privacy/presidio_detector.go:175.2,176.58 2 1
github.com/helldriver666/prism/internal/privacy/presidio_detector.go:176.58,178.3 1 0
github.com/helldriver666/prism/internal/privacy/presidio_detector.go:179.2,179.22 1 1
github.com/helldriver666/prism/internal/privacy/presidio_detector.go:182.68,189.16 5 1
github.com/helldriver666/prism/internal/privacy/presidio_detector.go:189.16,191.3 1 0
github.com/helldriver666/prism/internal/privacy/presidio_detector.go:192.2,192.12 1 1
github.com/helldriver666/prism/internal/privacy/presidio_detector.go:197.41,198.25 1 1
github.com/helldriver666/prism/internal/privacy/presidio_detector.go:198.25,199.33 1 1
github.com/helldriver666/prism/internal/privacy/presidio_detector.go:199.33,201.4 1 1
github.com/helldriver666/prism/internal/privacy/presidio_detector.go:203.2,203.13 1 1
github.com/helldriver666/prism/internal/privacy/regex_detector.go:22.34,26.2 1 1
github.com/helldriver666/prism/internal/privacy/regex_detector.go:28.39,69.2 1 1
github.com/helldriver666/prism/internal/privacy/regex_detector.go:71.99,72.27 1 1
github.com/helldriver666/prism/internal/privacy/regex_detector.go:72.27,74.3 1 1
github.com/helldriver666/prism/internal/privacy/regex_detector.go:76.2,77.31 2 1
github.com/helldriver666/prism/internal/privacy/regex_detector.go:77.31,79.28 2 1
github.com/helldriver666/prism/internal/privacy/regex_detector.go:79.28,81.47 2 1
github.com/helldriver666/prism/internal/privacy/regex_detector.go:81.47,82.13 1 1
github.com/helldriver666/prism/internal/privacy/regex_detector.go:84.4,90.6 1 1
github.com/helldriver666/prism/internal/privacy/regex_detector.go:93.2,93.22 1 1
github.com/helldriver666/prism/internal/privacy/regex_detector.go:96.62,98.2 1 1
github.com/helldriver666/prism/internal/privacy/regex_detector.go:101.35,103.22 2 1
github.com/helldriver666/prism/internal/privacy/regex_detector.go:103.22,104.27 1 1
github.com/helldriver666/prism/internal/privacy/regex_detector.go:104.27,106.4 1 1
github.com/helldriver666/prism/internal/privacy/regex_detector.go:108.2,108.37 1 1
github.com/helldriver666/prism/internal/privacy/regex_detector.go:112.40,114.22 2 1
github.com/helldriver666/prism/internal/privacy/regex_detector.go:114.22,115.27 1 1
github.com/helldriver666/prism/internal/privacy/regex_detector.go:115.27,117.4 1 1
github.com/helldriver666/prism/internal/privacy/regex_detector.go:119.2,119.42 1 1
github.com/helldriver666/prism/internal/privacy/regex_detector.go:119.42,121.3 1 0
github.com/helldriver666/prism/internal/privacy/regex_detector.go:122.2,124.40 3 1
github.com/helldriver666/prism/internal/privacy/regex_detector.go:124.40,126.10 2 1
github.com/helldriver666/prism/internal/privacy/regex_detector.go:126.10,128.13 2 1
github.com/helldriver666/prism/internal/privacy/regex_detector.go:128.13,130.5 1 1
github.com/helldriver666/prism/internal/privacy/regex_detector.go:132.3,133.13 2 1
github.com/helldriver666/prism/internal/privacy/regex_detector.go:135.2,135.20 1 1
github.com/helldriver666/prism/internal/privacy/restore.go:15.79,16.18 1 1
github.com/helldriver666/prism/internal/privacy/restore.go:16.18,17.32 1 0
github.com/helldriver666/prism/internal/privacy/restore.go:17.32,17.44 1 0
github.com/helldriver666/prism/internal/privacy/restore.go:20.2,23.38 3 1
github.com/helldriver666/prism/internal/privacy/restore.go:23.38,27.16 3 1
github.com/helldriver666/prism/internal/privacy/restore.go:27.16,29.4 1 1
github.com/helldriver666/prism/internal/privacy/restore.go:31.3,34.16 4 1
github.com/helldriver666/prism/internal/privacy/restore.go:40.75,41.40 1 1
github.com/helldriver666/prism/internal/privacy/restore.go:41.40,43.44 1 1
github.com/helldriver666/prism/internal/privacy/restore.go:43.44,44.12 1 0
github.com/helldriver666/prism/internal/privacy/restore.go:46.3,46.57 1 1
github.com/helldriver666/prism/internal/privacy/restore.go:48.2,48.13 1 1
github.com/helldriver666/prism/internal/privacy/score.go:7.69,8.48 1 1
github.com/helldriver666/prism/internal/privacy/score.go:8.48,10.3 1 0
github.com/helldriver666/prism/internal/privacy/score.go:12.2,14.29 3 1
github.com/helldriver666/prism/internal/privacy/score.go:14.29,15.25 1 1
github.com/helldriver666/prism/internal/privacy/score.go:15.25,17.4 1 1
github.com/helldriver666/prism/internal/privacy/score.go:18.3,18.34 1 1
github.com/helldriver666/prism/internal/privacy/score.go:21.2,22.26 2 1
github.com/helldriver666/prism/internal/privacy/score.go:22.26,24.3 1 0
github.com/helldriver666/prism/internal/privacy/score.go:26.2,26.34 1 1
github.com/helldriver666/prism/internal/privacy/substitution.go:29.104,32.24 2 1
github.com/helldriver666/prism/internal/privacy/substitution.go:32.24,34.3 1 0
github.com/helldriver666/prism/internal/privacy/substitution.go:37.2,41.29 4 1
github.com/helldriver666/prism/internal/privacy/substitution.go:41.29,42.55 1 1
github.com/helldriver666/prism/internal/privacy/substitution.go:42.55,43.12 1 0
github.com/helldriver666/prism/internal/privacy/substitution.go:45.3,48.77 4 1
github.com/helldriver666/prism/internal/privacy/substitution.go:53.2,53.40 1 1
github.com/helldriver666/prism/internal/privacy/substitution.go:53.40,55.3 1 1
github.com/helldriver666/prism/internal/privacy/substitution.go:58.2,59.26 2 1
github.com/helldriver666/prism/internal/privacy/substitution.go:59.26,61.3 1 1
github.com/helldriver666/prism/internal/privacy/substitution.go:64.2,65.26 2 1
github.com/helldriver666/prism/internal/privacy/substitution.go:65.26,67.28 2 1
github.com/helldriver666/prism/internal/privacy/substitution.go:67.28,69.4 1 1
github.com/helldriver666/prism/internal/privacy/substitution.go:70.3,74.4 1 1
github.com/helldriver666/prism/internal/privacy/substitution.go:78.2,80.49 2 1
github.com/helldriver666/prism/internal/privacy/substitution.go:86.89,87.23 1 1
github.com/helldriver666/prism/internal/privacy/substitution.go:87.23,89.3 1 1
github.com/helldriver666/prism/internal/privacy/substitution.go:90.2,91.26 2 1
github.com/helldriver666/prism/internal/privacy/substitution.go:91.26,95.3 3 1
github.com/helldriver666/prism/internal/privacy/substitution.go:96.2,96.30 1 1
github.com/helldriver666/prism/internal/privacy/substitution.go:100.39,104.2 2 1
github.com/helldriver666/prism/internal/privacy/substitution.go:107.29,109.40 2 1
github.com/helldriver666/prism/internal/privacy/substitution.go:109.40,112.3 1 0
github.com/helldriver666/prism/internal/privacy/substitution.go:113.2,113.30 1 1
github.com/helldriver666/prism/internal/privacy/substitution.go:119.44,120.20 1 1
github.com/helldriver666/prism/internal/privacy/substitution.go:120.20,122.3 1 1
github.com/helldriver666/prism/internal/privacy/substitution.go:123.2,123.20 1 1
github.com/helldriver666/prism/internal/privacy/substitution.go:123.20,125.3 1 1
github.com/helldriver666/prism/internal/privacy/substitution.go:126.2,126.23 1 1
